
> flappy-game@0.1.0 build
> next build

[baseline-browser-mapping] The data in this module is over two months old.  To ensure accurate Baseline data, please update: `npm i baseline-browser-mapping@latest -D`
⚠ Warning: Next.js inferred your workspace root, but it may not be correct.
 We detected multiple lockfiles and selected the directory of C:\Users\91917\package-lock.json as the root directory.
 To silence this warning, set `turbopack.root` in your Next.js config, or consider removing one of the lockfiles if it's not needed.
   See https://nextjs.org/docs/app/api-reference/config/next-config-js/turbopack#root-directory for more information.
 Detected additional lockfiles: 
   * C:\Users\91917\OneDrive\Desktop\projects-ex\flappy-game\package-lock.json

▲ Next.js 16.1.4 (Turbopack)

  Creating an optimized production build ...
[baseline-browser-mapping] The data in this module is over two months old.  To ensure accurate Baseline data, please update: `npm i baseline-browser-mapping@latest -D`
✓ Compiled successfully in 10.8s
  Running TypeScript ...
  Collecting page data using 7 workers ...
[baseline-browser-mapping] The data in this module is over two months old.  To ensure accurate Baseline data, please update: `npm i baseline-browser-mapping@latest -D`
[baseline-browser-mapping] The data in this module is over two months old.  To ensure accurate Baseline data, please update: `npm i baseline-browser-mapping@latest -D`
[baseline-browser-mapping] The data in this module is over two months old.  To ensure accurate Baseline data, please update: `npm i baseline-browser-mapping@latest -D`
[baseline-browser-mapping] The data in this module is over two months old.  To ensure accurate Baseline data, please update: `npm i baseline-browser-mapping@latest -D`
[baseline-browser-mapping] The data in this module is over two months old.  To ensure accurate Baseline data, please update: `npm i baseline-browser-mapping@latest -D`
[baseline-browser-mapping] The data in this module is over two months old.  To ensure accurate Baseline data, please update: `npm i baseline-browser-mapping@latest -D`
[baseline-browser-mapping] The data in this module is over two months old.  To ensure accurate Baseline data, please update: `npm i baseline-browser-mapping@latest -D`
  Generating static pages using 7 workers (0/14) ...
⚠ metadataBase property in metadata export is not set for resolving social open graph or twitter images, using "http://localhost:3000". See https://nextjs.org/docs/app/api-reference/functions/generate-metadata#metadatabase
⚠ Unsupported metadata themeColor is configured in metadata export in /_not-found. Please move it to viewport export instead.
Read more: https://nextjs.org/docs/app/api-reference/functions/generate-viewport
⚠ Unsupported metadata themeColor is configured in metadata export in /experience/[slug]. Please move it to viewport export instead.
Read more: https://nextjs.org/docs/app/api-reference/functions/generate-viewport
⚠ Unsupported metadata themeColor is configured in metadata export in /experience/[slug]. Please move it to viewport export instead.
Read more: https://nextjs.org/docs/app/api-reference/functions/generate-viewport
⚠ Unsupported metadata themeColor is configured in metadata export in /experience. Please move it to viewport export instead.
Read more: https://nextjs.org/docs/app/api-reference/functions/generate-viewport
⚠ Unsupported metadata themeColor is configured in metadata export in /experience/[slug]. Please move it to viewport export instead.
Read more: https://nextjs.org/docs/app/api-reference/functions/generate-viewport
⚠ Unsupported metadata themeColor is configured in metadata export in /. Please move it to viewport export instead.
Read more: https://nextjs.org/docs/app/api-reference/functions/generate-viewport
  Generating static pages using 7 workers (3/14) 
  Generating static pages using 7 workers (6/14) 
⚠ Unsupported metadata themeColor is configured in metadata export in /stories/[slug]. Please move it to viewport export instead.
Read more: https://nextjs.org/docs/app/api-reference/functions/generate-viewport
⚠ Unsupported metadata themeColor is configured in metadata export in /stories/[slug]. Please move it to viewport export instead.
Read more: https://nextjs.org/docs/app/api-reference/functions/generate-viewport
⚠ Unsupported metadata themeColor is configured in metadata export in /trip/[slug]. Please move it to viewport export instead.
Read more: https://nextjs.org/docs/app/api-reference/functions/generate-viewport
⚠ Unsupported metadata themeColor is configured in metadata export in /stories/[slug]. Please move it to viewport export instead.
Read more: https://nextjs.org/docs/app/api-reference/functions/generate-viewport
⚠ Unsupported metadata themeColor is configured in metadata export in /trip/[slug]. Please move it to viewport export instead.
Read more: https://nextjs.org/docs/app/api-reference/functions/generate-viewport
⚠ Unsupported metadata themeColor is configured in metadata export in /trip/[slug]. Please move it to viewport export instead.
Read more: https://nextjs.org/docs/app/api-reference/functions/generate-viewport
  Generating static pages using 7 workers (10/14) 
✓ Generating static pages using 7 workers (14/14) in 1272.0ms
  Finalizing page optimization ...

Route (app)
┌ ○ /
├ ○ /_not-found
├ ○ /experience
├ ● /experience/[slug]
│ ├ /experience/jibhi
│ ├ /experience/simlipal
│ └ /experience/netarhat
├ ● /stories/[slug]
│ ├ /stories/jibhi-travel-guide
│ ├ /stories/simlipal-hidden-spots
│ └ /stories/netarhat-sunset
└ ● /trip/[slug]
  ├ /trip/jibhi
  ├ /trip/simlipal
  └ /trip/netarhat


○  (Static)  prerendered as static content
●  (SSG)     prerendered as static HTML (uses generateStaticParams)

